# JRE version: Java(TM) SE Runtime Environment (8.0_144-b01) (build 1.8.0_144-b01)
# Java VM: Java HotSpot(TM) Client VM (25.144-b01 mixed mode windows-x86 )
Heap:
 def new generation   total 81792K, used 9088K [0x04800000, 0x0a0c0000, 0x0f2a0000)
  eden space 72704K,   0% used [0x04800000, 0x04800000, 0x08f00000)
  from space 9088K, 100% used [0x097e0000, 0x0a0c0000, 0x0a0c0000)
  to   space 9088K,   0% used [0x08f00000, 0x08f00000, 0x097e0000)
 tenured generation   total 190724K, used 190718K [0x0f2a0000, 0x1ace1000, 0x24800000)
   the space 190724K,  99% used [0x0f2a0000, 0x1acdfa48, 0x1acdfc00, 0x1ace1000)
 Metaspace       used 31106K, capacity 33680K, committed 33792K, reserved 34176K
GC Heap History (10 events):
Event: 291.085 GC heap after
Heap after GC invocations=160 (full 10):
 def new generation   total 81792K, used 9088K [0x04800000, 0x0a0c0000, 0x0f2a0000)
  eden space 72704K,   0% used [0x04800000, 0x04800000, 0x08f00000)
  from space 9088K, 100% used [0x08f00000, 0x097e0000, 0x097e0000)
  to   space 9088K,   0% used [0x097e0000, 0x097e0000, 0x0a0c0000)
 tenured generation   total 181604K, used 131690K [0x0f2a0000, 0x1a3f9000, 0x24800000)
   the space 181604K,  72% used [0x0f2a0000, 0x1733aa20, 0x1733ac00, 0x1a3f9000)
 Metaspace       used 31106K, capacity 33680K, committed 33792K, reserved 34176K
}
Event: 298.023 GC heap before
{Heap before GC invocations=160 (full 10):
 def new generation   total 81792K, used 81792K [0x04800000, 0x0a0c0000, 0x0f2a0000)
  eden space 72704K, 100% used [0x04800000, 0x08f00000, 0x08f00000)
  from space 9088K, 100% used [0x08f00000, 0x097e0000, 0x097e0000)
  to   space 9088K,   0% used [0x097e0000, 0x097e0000, 0x0a0c0000)
 tenured generation   total 181604K, used 131690K [0x0f2a0000, 0x1a3f9000, 0x24800000)
   the space 181604K,  72% used [0x0f2a0000, 0x1733aa20, 0x1733ac00, 0x1a3f9000)
 Metaspace       used 31106K, capacity 33680K, committed 33792K, reserved 34176K
Event: 298.072 GC heap after
Heap after GC invocations=161 (full 10):
 def new generation   total 81792K, used 9088K [0x04800000, 0x0a0c0000, 0x0f2a0000)
  eden space 72704K,   0% used [0x04800000, 0x04800000, 0x08f00000)
  from space 9088K, 100% used [0x097e0000, 0x0a0c0000, 0x0a0c0000)
  to   space 9088K,   0% used [0x08f00000, 0x08f00000, 0x097e0000)
 tenured generation   total 181604K, used 152992K [0x0f2a0000, 0x1a3f9000, 0x24800000)
   the space 181604K,  84% used [0x0f2a0000, 0x18808000, 0x18808000, 0x1a3f9000)
 Metaspace       used 31106K, capacity 33680K, committed 33792K, reserved 34176K
}
Event: 302.768 GC heap before
{Heap before GC invocations=161 (full 10):
 def new generation   total 81792K, used 81792K [0x04800000, 0x0a0c0000, 0x0f2a0000)
  eden space 72704K, 100% used [0x04800000, 0x08f00000, 0x08f00000)
  from space 9088K, 100% used [0x097e0000, 0x0a0c0000, 0x0a0c0000)
  to   space 9088K,   0% used [0x08f00000, 0x08f00000, 0x097e0000)
 tenured generation   total 181604K, used 152992K [0x0f2a0000, 0x1a3f9000, 0x24800000)
   the space 181604K,  84% used [0x0f2a0000, 0x18808000, 0x18808000, 0x1a3f9000)
 Metaspace       used 31106K, capacity 33680K, committed 33792K, reserved 34176K
Event: 302.790 GC heap after
Heap after GC invocations=162 (full 10):
 def new generation   total 81792K, used 4673K [0x04800000, 0x0a0c0000, 0x0f2a0000)
  eden space 72704K,   0% used [0x04800000, 0x04800000, 0x08f00000)
  from space 9088K,  51% used [0x08f00000, 0x09390640, 0x097e0000)
  to   space 9088K,   0% used [0x097e0000, 0x097e0000, 0x0a0c0000)
 tenured generation   total 181604K, used 161879K [0x0f2a0000, 0x1a3f9000, 0x24800000)
   the space 181604K,  89% used [0x0f2a0000, 0x190b5c38, 0x190b5e00, 0x1a3f9000)
 Metaspace       used 31106K, capacity 33680K, committed 33792K, reserved 34176K
}
Event: 303.063 GC heap before
{Heap before GC invocations=162 (full 10):
 def new generation   total 81792K, used 77377K [0x04800000, 0x0a0c0000, 0x0f2a0000)
  eden space 72704K, 100% used [0x04800000, 0x08f00000, 0x08f00000)
  from space 9088K,  51% used [0x08f00000, 0x09390640, 0x097e0000)
  to   space 9088K,   0% used [0x097e0000, 0x097e0000, 0x0a0c0000)
 tenured generation   total 181604K, used 161879K [0x0f2a0000, 0x1a3f9000, 0x24800000)
   the space 181604K,  89% used [0x0f2a0000, 0x190b5c38, 0x190b5e00, 0x1a3f9000)
 Metaspace       used 31106K, capacity 33680K, committed 33792K, reserved 34176K
Event: 303.074 GC heap after
Heap after GC invocations=163 (full 10):
 def new generation   total 81792K, used 250K [0x04800000, 0x0a0c0000, 0x0f2a0000)
  eden space 72704K,   0% used [0x04800000, 0x04800000, 0x08f00000)
  from space 9088K,   2% used [0x097e0000, 0x0981e988, 0x0a0c0000)
  to   space 9088K,   0% used [0x08f00000, 0x08f00000, 0x097e0000)
 tenured generation   total 181604K, used 166033K [0x0f2a0000, 0x1a3f9000, 0x24800000)
   the space 181604K,  91% used [0x0f2a0000, 0x194c4568, 0x194c4600, 0x1a3f9000)
 Metaspace       used 31106K, capacity 33680K, committed 33792K, reserved 34176K
}
Event: 305.280 GC heap before
{Heap before GC invocations=163 (full 10):
 def new generation   total 81792K, used 72954K [0x04800000, 0x0a0c0000, 0x0f2a0000)
  eden space 72704K, 100% used [0x04800000, 0x08f00000, 0x08f00000)
  from space 9088K,   2% used [0x097e0000, 0x0981e988, 0x0a0c0000)
  to   space 9088K,   0% used [0x08f00000, 0x08f00000, 0x097e0000)
 tenured generation   total 181604K, used 166033K [0x0f2a0000, 0x1a3f9000, 0x24800000)
   the space 181604K,  91% used [0x0f2a0000, 0x194c4568, 0x194c4600, 0x1a3f9000)
 Metaspace       used 31106K, capacity 33680K, committed 33792K, reserved 34176K
Event: 305.306 GC heap after
Heap after GC invocations=164 (full 10):
 def new generation   total 81792K, used 9088K [0x04800000, 0x0a0c0000, 0x0f2a0000)
  eden space 72704K,   0% used [0x04800000, 0x04800000, 0x08f00000)
  from space 9088K, 100% used [0x08f00000, 0x097e0000, 0x097e0000)
  to   space 9088K,   0% used [0x097e0000, 0x097e0000, 0x0a0c0000)
 tenured generation   total 181604K, used 169789K [0x0f2a0000, 0x1a3f9000, 0x24800000)
   the space 181604K,  93% used [0x0f2a0000, 0x1986f780, 0x1986f800, 0x1a3f9000)
 Metaspace       used 31106K, capacity 33680K, committed 33792K, reserved 34176K
}
Event: 309.528 GC heap before
{Heap before GC invocations=164 (full 10):
 def new generation   total 81792K, used 81792K [0x04800000, 0x0a0c0000, 0x0f2a0000)
  eden space 72704K, 100% used [0x04800000, 0x08f00000, 0x08f00000)
  from space 9088K, 100% used [0x08f00000, 0x097e0000, 0x097e0000)
  to   space 9088K,   0% used [0x097e0000, 0x097e0000, 0x0a0c0000)
 tenured generation   total 181604K, used 169789K [0x0f2a0000, 0x1a3f9000, 0x24800000)
   the space 181604K,  93% used [0x0f2a0000, 0x1986f780, 0x1986f800, 0x1a3f9000)
 Metaspace       used 31106K, capacity 33680K, committed 33792K, reserved 34176K

